<?xml version="1.0" encoding="UTF-8"?>
<testng-results ignored="0" total="3" passed="0" failed="3" skipped="0">
  <reporter-output>
    <line>
      <![CDATA[====Connect To DB, Report Configuration====]]>
    </line>
    <line>
      <![CDATA[====Open Browser====]]>
    </line>
    <line>
      <![CDATA[====Login To Application====]]>
    </line>
    <line>
      <![CDATA[====Logout of Application====]]>
    </line>
    <line>
      <![CDATA[====Login To Application====]]>
    </line>
    <line>
      <![CDATA[====Logout of Application====]]>
    </line>
    <line>
      <![CDATA[====Login To Application====]]>
    </line>
    <line>
      <![CDATA[====Logout of Application====]]>
    </line>
    <line>
      <![CDATA[====Close Browser====]]>
    </line>
    <line>
      <![CDATA[====Close DB Connection, Report Backup====]]>
    </line>
  </reporter-output>
  <suite started-at="2025-09-24T14:41:13 IST" name="Default suite" finished-at="2025-09-24T14:44:55 IST" duration-ms="222018">
    <groups>
      <group name="SmokeTest">
        <method signature="CreateOrgTest.createOrganization()[pri:0, instance:com.comcast.crm.organizationtest.CreateOrgTest@139982de]" name="createOrganization" class="com.comcast.crm.organizationtest.CreateOrgTest"/>
      </group> <!-- SmokeTest -->
      <group name="RegressionTest">
        <method signature="CreateOrgTest.createOrganizationWithIndustry()[pri:0, instance:com.comcast.crm.organizationtest.CreateOrgTest@139982de]" name="createOrganizationWithIndustry" class="com.comcast.crm.organizationtest.CreateOrgTest"/>
        <method signature="CreateOrgTest.createOrganizationWithPhoneNumber()[pri:0, instance:com.comcast.crm.organizationtest.CreateOrgTest@139982de]" name="createOrganizationWithPhoneNumber" class="com.comcast.crm.organizationtest.CreateOrgTest"/>
      </group> <!-- RegressionTest -->
    </groups>
    <test started-at="2025-09-24T14:41:13 IST" name="Default test" finished-at="2025-09-24T14:44:55 IST" duration-ms="222018">
      <class name="com.comcast.crm.organizationtest.CreateOrgTest">
        <test-method is-config="true" signature="connectToDB()[pri:0, instance:com.comcast.crm.organizationtest.CreateOrgTest@139982de]" started-at="2025-09-24T14:41:12 IST" name="connectToDB" finished-at="2025-09-24T14:41:13 IST" duration-ms="716" status="PASS">
          <reporter-output>
            <line>
              <![CDATA[====Connect To DB, Report Configuration====]]>
            </line>
          </reporter-output>
        </test-method> <!-- connectToDB -->
        <test-method is-config="true" signature="openBrowser()[pri:0, instance:com.comcast.crm.organizationtest.CreateOrgTest@139982de]" started-at="2025-09-24T14:41:13 IST" name="openBrowser" finished-at="2025-09-24T14:41:59 IST" duration-ms="45882" status="PASS">
          <reporter-output>
            <line>
              <![CDATA[====Open Browser====]]>
            </line>
          </reporter-output>
        </test-method> <!-- openBrowser -->
        <test-method is-config="true" signature="loginToApplication()[pri:0, instance:com.comcast.crm.organizationtest.CreateOrgTest@139982de]" started-at="2025-09-24T14:41:59 IST" name="loginToApplication" finished-at="2025-09-24T14:42:21 IST" duration-ms="22026" status="PASS">
          <reporter-output>
            <line>
              <![CDATA[====Login To Application====]]>
            </line>
          </reporter-output>
        </test-method> <!-- loginToApplication -->
        <test-method signature="createOrganization()[pri:0, instance:com.comcast.crm.organizationtest.CreateOrgTest@139982de]" started-at="2025-09-24T14:42:21 IST" name="createOrganization" finished-at="2025-09-24T14:43:21 IST" duration-ms="60326" status="FAIL">
          <exception class="java.lang.AssertionError">
            <message>
              <![CDATA[expected [Facebook_414] but found [[ ACC141 ] Facebook_414 - Organization Information]]]>
            </message>
            <full-stacktrace>
              <![CDATA[java.lang.AssertionError: expected [Facebook_414] but found [[ ACC141 ] Facebook_414 - Organization Information]
at org.testng.Assert.fail(Assert.java:111)
at org.testng.Assert.failNotEquals(Assert.java:1578)
at org.testng.Assert.assertEqualsImpl(Assert.java:150)
at org.testng.Assert.assertEquals(Assert.java:132)
at org.testng.Assert.assertEquals(Assert.java:656)
at org.testng.Assert.assertEquals(Assert.java:666)
at com.comcast.crm.organizationtest.CreateOrgTest.createOrganization(CreateOrgTest.java:33)
at java.base/jdk.internal.reflect.DirectMethodHandleAccessor.invoke(DirectMethodHandleAccessor.java:103)
at java.base/java.lang.reflect.Method.invoke(Method.java:580)
at org.testng.internal.invokers.MethodInvocationHelper.invokeMethod(MethodInvocationHelper.java:139)
at org.testng.internal.invokers.TestInvoker.invokeMethod(TestInvoker.java:664)
at org.testng.internal.invokers.TestInvoker.invokeTestMethod(TestInvoker.java:227)
at org.testng.internal.invokers.MethodRunner.runInSequence(MethodRunner.java:50)
at org.testng.internal.invokers.TestInvoker$MethodInvocationAgent.invoke(TestInvoker.java:957)
at org.testng.internal.invokers.TestInvoker.invokeTestMethods(TestInvoker.java:200)
at org.testng.internal.invokers.TestMethodWorker.invokeTestMethods(TestMethodWorker.java:148)
at org.testng.internal.invokers.TestMethodWorker.run(TestMethodWorker.java:128)
at java.base/java.util.ArrayList.forEach(ArrayList.java:1596)
at org.testng.TestRunner.privateRun(TestRunner.java:848)
at org.testng.TestRunner.run(TestRunner.java:621)
at org.testng.SuiteRunner.runTest(SuiteRunner.java:443)
at org.testng.SuiteRunner.runSequentially(SuiteRunner.java:437)
at org.testng.SuiteRunner.privateRun(SuiteRunner.java:397)
at org.testng.SuiteRunner.run(SuiteRunner.java:336)
at org.testng.SuiteRunnerWorker.runSuite(SuiteRunnerWorker.java:52)
at org.testng.SuiteRunnerWorker.run(SuiteRunnerWorker.java:95)
at org.testng.TestNG.runSuitesSequentially(TestNG.java:1280)
at org.testng.TestNG.runSuitesLocally(TestNG.java:1200)
at org.testng.TestNG.runSuites(TestNG.java:1114)
at org.testng.TestNG.run(TestNG.java:1082)
at org.testng.remote.AbstractRemoteTestNG.run(AbstractRemoteTestNG.java:115)
at org.testng.remote.RemoteTestNG.initAndRun(RemoteTestNG.java:293)
at org.testng.remote.RemoteTestNG.main(RemoteTestNG.java:91)
]]>
            </full-stacktrace>
          </exception> <!-- java.lang.AssertionError -->
          <reporter-output>
          </reporter-output>
        </test-method> <!-- createOrganization -->
        <test-method is-config="true" signature="logout()[pri:0, instance:com.comcast.crm.organizationtest.CreateOrgTest@139982de]" started-at="2025-09-24T14:43:21 IST" name="logout" finished-at="2025-09-24T14:43:30 IST" duration-ms="8814" status="PASS">
          <reporter-output>
            <line>
              <![CDATA[====Logout of Application====]]>
            </line>
          </reporter-output>
        </test-method> <!-- logout -->
        <test-method is-config="true" signature="loginToApplication()[pri:0, instance:com.comcast.crm.organizationtest.CreateOrgTest@139982de]" started-at="2025-09-24T14:43:30 IST" name="loginToApplication" finished-at="2025-09-24T14:43:37 IST" duration-ms="7188" status="PASS">
          <reporter-output>
            <line>
              <![CDATA[====Login To Application====]]>
            </line>
          </reporter-output>
        </test-method> <!-- loginToApplication -->
        <test-method signature="createOrganizationWithIndustry()[pri:0, instance:com.comcast.crm.organizationtest.CreateOrgTest@139982de]" started-at="2025-09-24T14:43:37 IST" name="createOrganizationWithIndustry" finished-at="2025-09-24T14:44:04 IST" duration-ms="27296" status="FAIL">
          <exception class="java.lang.AssertionError">
            <message>
              <![CDATA[expected [Instagram1412] but found [[ ACC142 ] Instagram1412 - Organization Information]]]>
            </message>
            <full-stacktrace>
              <![CDATA[java.lang.AssertionError: expected [Instagram1412] but found [[ ACC142 ] Instagram1412 - Organization Information]
at org.testng.Assert.fail(Assert.java:111)
at org.testng.Assert.failNotEquals(Assert.java:1578)
at org.testng.Assert.assertEqualsImpl(Assert.java:150)
at org.testng.Assert.assertEquals(Assert.java:132)
at org.testng.Assert.assertEquals(Assert.java:656)
at org.testng.Assert.assertEquals(Assert.java:666)
at com.comcast.crm.organizationtest.CreateOrgTest.createOrganizationWithIndustry(CreateOrgTest.java:54)
at java.base/jdk.internal.reflect.DirectMethodHandleAccessor.invoke(DirectMethodHandleAccessor.java:103)
at java.base/java.lang.reflect.Method.invoke(Method.java:580)
at org.testng.internal.invokers.MethodInvocationHelper.invokeMethod(MethodInvocationHelper.java:139)
at org.testng.internal.invokers.TestInvoker.invokeMethod(TestInvoker.java:664)
at org.testng.internal.invokers.TestInvoker.invokeTestMethod(TestInvoker.java:227)
at org.testng.internal.invokers.MethodRunner.runInSequence(MethodRunner.java:50)
at org.testng.internal.invokers.TestInvoker$MethodInvocationAgent.invoke(TestInvoker.java:957)
at org.testng.internal.invokers.TestInvoker.invokeTestMethods(TestInvoker.java:200)
at org.testng.internal.invokers.TestMethodWorker.invokeTestMethods(TestMethodWorker.java:148)
at org.testng.internal.invokers.TestMethodWorker.run(TestMethodWorker.java:128)
at java.base/java.util.ArrayList.forEach(ArrayList.java:1596)
at org.testng.TestRunner.privateRun(TestRunner.java:848)
at org.testng.TestRunner.run(TestRunner.java:621)
at org.testng.SuiteRunner.runTest(SuiteRunner.java:443)
at org.testng.SuiteRunner.runSequentially(SuiteRunner.java:437)
at org.testng.SuiteRunner.privateRun(SuiteRunner.java:397)
at org.testng.SuiteRunner.run(SuiteRunner.java:336)
at org.testng.SuiteRunnerWorker.runSuite(SuiteRunnerWorker.java:52)
at org.testng.SuiteRunnerWorker.run(SuiteRunnerWorker.java:95)
at org.testng.TestNG.runSuitesSequentially(TestNG.java:1280)
at org.testng.TestNG.runSuitesLocally(TestNG.java:1200)
at org.testng.TestNG.runSuites(TestNG.java:1114)
at org.testng.TestNG.run(TestNG.java:1082)
at org.testng.remote.AbstractRemoteTestNG.run(AbstractRemoteTestNG.java:115)
at org.testng.remote.RemoteTestNG.initAndRun(RemoteTestNG.java:293)
at org.testng.remote.RemoteTestNG.main(RemoteTestNG.java:91)
]]>
            </full-stacktrace>
          </exception> <!-- java.lang.AssertionError -->
          <reporter-output>
          </reporter-output>
        </test-method> <!-- createOrganizationWithIndustry -->
        <test-method is-config="true" signature="logout()[pri:0, instance:com.comcast.crm.organizationtest.CreateOrgTest@139982de]" started-at="2025-09-24T14:44:04 IST" name="logout" finished-at="2025-09-24T14:44:08 IST" duration-ms="3271" status="PASS">
          <reporter-output>
            <line>
              <![CDATA[====Logout of Application====]]>
            </line>
          </reporter-output>
        </test-method> <!-- logout -->
        <test-method is-config="true" signature="loginToApplication()[pri:0, instance:com.comcast.crm.organizationtest.CreateOrgTest@139982de]" started-at="2025-09-24T14:44:08 IST" name="loginToApplication" finished-at="2025-09-24T14:44:14 IST" duration-ms="6277" status="PASS">
          <reporter-output>
            <line>
              <![CDATA[====Login To Application====]]>
            </line>
          </reporter-output>
        </test-method> <!-- loginToApplication -->
        <test-method signature="createOrganizationWithPhoneNumber()[pri:0, instance:com.comcast.crm.organizationtest.CreateOrgTest@139982de]" started-at="2025-09-24T14:44:14 IST" name="createOrganizationWithPhoneNumber" finished-at="2025-09-24T14:44:50 IST" duration-ms="35726" status="FAIL">
          <exception class="java.lang.AssertionError">
            <message>
              <![CDATA[expected [Instagram4303] but found [[ ACC143 ] Instagram4303 - Organization Information]]]>
            </message>
            <full-stacktrace>
              <![CDATA[java.lang.AssertionError: expected [Instagram4303] but found [[ ACC143 ] Instagram4303 - Organization Information]
at org.testng.Assert.fail(Assert.java:111)
at org.testng.Assert.failNotEquals(Assert.java:1578)
at org.testng.Assert.assertEqualsImpl(Assert.java:150)
at org.testng.Assert.assertEquals(Assert.java:132)
at org.testng.Assert.assertEquals(Assert.java:656)
at org.testng.Assert.assertEquals(Assert.java:666)
at com.comcast.crm.organizationtest.CreateOrgTest.createOrganizationWithPhoneNumber(CreateOrgTest.java:86)
at java.base/jdk.internal.reflect.DirectMethodHandleAccessor.invoke(DirectMethodHandleAccessor.java:103)
at java.base/java.lang.reflect.Method.invoke(Method.java:580)
at org.testng.internal.invokers.MethodInvocationHelper.invokeMethod(MethodInvocationHelper.java:139)
at org.testng.internal.invokers.TestInvoker.invokeMethod(TestInvoker.java:664)
at org.testng.internal.invokers.TestInvoker.invokeTestMethod(TestInvoker.java:227)
at org.testng.internal.invokers.MethodRunner.runInSequence(MethodRunner.java:50)
at org.testng.internal.invokers.TestInvoker$MethodInvocationAgent.invoke(TestInvoker.java:957)
at org.testng.internal.invokers.TestInvoker.invokeTestMethods(TestInvoker.java:200)
at org.testng.internal.invokers.TestMethodWorker.invokeTestMethods(TestMethodWorker.java:148)
at org.testng.internal.invokers.TestMethodWorker.run(TestMethodWorker.java:128)
at java.base/java.util.ArrayList.forEach(ArrayList.java:1596)
at org.testng.TestRunner.privateRun(TestRunner.java:848)
at org.testng.TestRunner.run(TestRunner.java:621)
at org.testng.SuiteRunner.runTest(SuiteRunner.java:443)
at org.testng.SuiteRunner.runSequentially(SuiteRunner.java:437)
at org.testng.SuiteRunner.privateRun(SuiteRunner.java:397)
at org.testng.SuiteRunner.run(SuiteRunner.java:336)
at org.testng.SuiteRunnerWorker.runSuite(SuiteRunnerWorker.java:52)
at org.testng.SuiteRunnerWorker.run(SuiteRunnerWorker.java:95)
at org.testng.TestNG.runSuitesSequentially(TestNG.java:1280)
at org.testng.TestNG.runSuitesLocally(TestNG.java:1200)
at org.testng.TestNG.runSuites(TestNG.java:1114)
at org.testng.TestNG.run(TestNG.java:1082)
at org.testng.remote.AbstractRemoteTestNG.run(AbstractRemoteTestNG.java:115)
at org.testng.remote.RemoteTestNG.initAndRun(RemoteTestNG.java:293)
at org.testng.remote.RemoteTestNG.main(RemoteTestNG.java:91)
]]>
            </full-stacktrace>
          </exception> <!-- java.lang.AssertionError -->
          <reporter-output>
          </reporter-output>
        </test-method> <!-- createOrganizationWithPhoneNumber -->
        <test-method is-config="true" signature="logout()[pri:0, instance:com.comcast.crm.organizationtest.CreateOrgTest@139982de]" started-at="2025-09-24T14:44:50 IST" name="logout" finished-at="2025-09-24T14:44:53 IST" duration-ms="3526" status="PASS">
          <reporter-output>
            <line>
              <![CDATA[====Logout of Application====]]>
            </line>
          </reporter-output>
        </test-method> <!-- logout -->
        <test-method is-config="true" signature="closeBrowser()[pri:0, instance:com.comcast.crm.organizationtest.CreateOrgTest@139982de]" started-at="2025-09-24T14:44:53 IST" name="closeBrowser" finished-at="2025-09-24T14:44:55 IST" duration-ms="1457" status="PASS">
          <reporter-output>
            <line>
              <![CDATA[====Close Browser====]]>
            </line>
          </reporter-output>
        </test-method> <!-- closeBrowser -->
        <test-method is-config="true" signature="closeDBConnection()[pri:0, instance:com.comcast.crm.organizationtest.CreateOrgTest@139982de]" started-at="2025-09-24T14:44:55 IST" name="closeDBConnection" finished-at="2025-09-24T14:44:55 IST" duration-ms="10" status="PASS">
          <reporter-output>
            <line>
              <![CDATA[====Close DB Connection, Report Backup====]]>
            </line>
          </reporter-output>
        </test-method> <!-- closeDBConnection -->
      </class> <!-- com.comcast.crm.organizationtest.CreateOrgTest -->
    </test> <!-- Default test -->
  </suite> <!-- Default suite -->
</testng-results>
